!      ---- Modo de Desenho da Barra ---
BU
!      ---- Tamanho da Fonte das Legendas ---
F 1
!      ---- Cores (Fundo - Identificador - Numero - Valor - Grid - Fluxo Ativo - Fluxo Reativo)---
RF 255 255 255
RI 128 0 128
RN 128 0 128
RV 0 0 255
RG 0 0 0
RA 0 0 255
RR 255 0 0
!      ---- Grupos Base de Tensăo ----
!Ten  lar  R   G   B ID
G 138 5 255 0 0  1
G 66 4 0 0 255  S
G 1 1 0 0 0  0
G 33 3 0 100 0  T
!    ---- Componentes ----
!Numero Tipo Rot Hac Px Py Cor sl SubTp ch1 ch2 ch3 ch4 Descrip
C  1  1 769 1   6000   7712  1  0 -  1  0  0  0 0
C  2  1 1025 1   6224   7760  1  0 -  2  0  0  0 0
C  3  1 513 0   7344   7824  1  0 -  3  0  0  0 0
C  4  1 1024 0   7040   7424  1  0 -  4  0  0  0 0
C  5  1 768 0   6384   7424  1  0 -  5  0  0  0 0
C  6  1 768 1   6384   7280  2  0 -  6  0  0  0 0
C  7  1 513 0   7344   7280  3  0 -  7  0  0  0 0
C  8  1 257 -1   7504   7312  4  0 -  8  0  0  0 0
C  9  1 1024 0   7024   7200  2  0 -  9  0  0  0 0
C 10  1 513 0   6896   7088  2  0 - 10  0  0  0 0
C 11  1 513 1   6672   7088  2  0 - 11  0  0  0 0
C 12  1 769 0   6224   6832  2  0 - 12  0  0  0 0
C 13  1 513 1   6608   6864  2  0 - 13  0  0  0 0
C 14  1 513 1   7200   6864  2  0 - 14  0  0  0 0
C 15  1 257 0   6896   7488  1  0 - 15  0  0  0 0
C 23  9 3 0   7248   7360  0  0 -  1  4  7  0 0
C 24  9 2 0   7088   7312  0  0 -  1  4  9  0 0
C 25 10 2 0   6992   7504  1  0 -  1  4 15  0 0
C 26  9 2 1   6448   7344  0  0 -  1  5  6  0 0
C 30  9 3 1   7424   7328  0  0 -  1  7  8  0 0
C 31  9 1 0   7248   7280  0  0 -  1  7  9  0 0
C 38  5 0 0   6288   8000  1  0 -  1  2  0  0 120
C 39  5 0 0   7408   7968  1  0 -  1  3  0  0 120
C 40  5 0 0   7216   7520  1  0 -  1  4  0  0 120
C 41  5 3 0   6592   7392  1  0 -  1  5  0  0 120
C 42  5 3 0   6592   7328  2  0 -  1  6  0  0 120
C 43  5 3 0   7248   7136  2  0 -  1  9  0  0 120
C 44  5 0 0   6848   7216  2  0 -  1 10  0  0 120
C 45  5 0 0   6720   7216  2  0 -  1 11  0  0 120
C 46  5 0 0   6640   6992  2  0 -  1 13  0  0 120
C 47  5 0 0   7264   7008  2  0 -  1 14  0  0 120
C 48  4 1 0   5920   7776  1  0 -  1  1  0  0 36
C 49  4 1 0   6144   7888  1  0 -  1  2  0  0 36
C 50  4 3 1   7424   7824  1  0 -  1  3  0  0 36
C 51  4 1 -1   6304   7328  2  0 -  1  6  0  0 36
C 52  4 3 -1   7568   7328  4  0 -  1  8  0  0 36
C 53  4 1 0   6144   6848  2  0 -  1 12  0  0 36
C 54  4 3 0   7280   6864  2  0 -  1 14  0  0 36
C 55  6 0 0   7024   7296  2  0 -  1  9  0  0 0
C 56  7 0 0   6112   6976  2  0 -  1 12  0  0 73
C 57  7 0 0   6144   7024  2  0 -  2 12  0  0 73
C 58  8 0 0   7280   7888  1  0 P  3  2  1  3 -48
!      ---- Linhas ----
!Numero Tipo hac sl De Para ch1 nsg segmentos
L16 14 1 0   1   2  1  1 1 
L17 14 1 0   1   2  2  1 3 
L18 14 0 0   1   5  1  1 5 
L19 14 1 0   2   3  1  2 65 66 
L20 14 0 0   2   4  1  1 9 
L21 14 0 0   2   5  1  1 11 
L22 14 0 0   3   4  1  1 13 
L27 14 0 0   6  11  1  1 23 
L28 14 0 0   6  12  1  1 25 
L29 14 0 0   6  13  1  1 27 
L32 14 0 0   9  10  1  1 33 
L33 14 0 0   9  14  1  1 35 
L34 14 0 0  10  11  1  1 37 
L35 14 0 0  12  13  1  1 39 
L36 14 0 0  13  14  1  1 41 
L37 14 1 0  15   5  1  1 43 
!     ---- Ligacoes ----
!Numero Flags cor Inic Coni Fin Conf Linhas nqb quebras
U 1 0  1   1   5   2   2  16   0 
U 3 0  1   1   9   2   6  17   0 
U 5 0  1   1   1   5   1  18   1    6384   7712
U 9 0  1   2   5   4   5  20   1    7104   7824
U11 0  1   2   2   5   5  21   1    6448   7776
U13 0  1   3   1   4   9  22   1    7168   7824
U15 0  1  23   1   4   9  -1   1    7168   7360
U16 0  3  23   2   7   6  -1   0 
U17 0  1  24   1   4   4  -1   0 
U18 0  2  24   2   9   5  -1   0 
U19 0  1  25   1   4   2  -1   1    7056   7504
U20 0  1  25   2  15   2  -1   0 
U21 0  1  26   1   5   5  -1   0 
U22 0  2  26   2   6   5  -1   0 
U23 0  2   6   9  11   3  27   1    6512   7120
U25 0  2   6   1  12   7  28   1    6384   6928
U27 0  2   6   5  13   5  29   1    6448   6928
U29 0  3  30   1   7   4  -1   0 
U30 0  4  30   2   8   2  -1   0 
U31 0  3  31   1   7   1  -1   0 
U32 0  2  31   2   9  10  -1   1    7168   7280
U33 0  2   9   3  10   3  32   1    7056   7120
U35 0  2   9   6  14   5  33   1    7104   6928
U37 0  2  10   1  11   1  34   0 
U39 0  2  12   3  13   1  35   0 
U41 0  2  13   1  14   1  36   0 
U43 0  1  15   2   5   9  37   1    6512   7504
U45 0  1  38   1   2  12  -1   1    6288   7936
U46 0  1  39   1   3   5  -1   1    7408   7888
U47 0  1  40   1   4  12  -1   0 
U48 0  1  41   1   5   9  -1   1    6512   7392
U49 0  2  42   1   6   9  -1   1    6512   7328
U50 0  2  43   1   9  10  -1   1    7168   7136
U51 0  2  44   1  10   5  -1   1    6848   7152
U52 0  2  45   1  11   5  -1   1    6720   7152
U53 0  2  46   1  13   5  -1   1    6640   6928
U54 0  2  47   1  14   5  -1   1    7264   6928
U55 0  1  48   1   1   5  -1   0 
U56 0  1  49   1   2   9  -1   0 
U57 0  1  50   1   3   1  -1   0 
U58 0  2  51   1   6   1  -1   1    6384   7328
U59 0  4  52   1   8   2  -1   0 
U60 0  2  53   1  12   2  -1   0 
U61 0  2  54   1  14   1  -1   0 
U62 0  2  55   1   9   1  -1   0 
U63 0  2  56   1  12   5  -1   1    6112   6896
U64 0  2  57   1  12   7  -1   1    6144   6928
U65 0  1   2   9  58   1  19   1    7232   7888
U66 0  1  58   2   3   5  19   0 
!    ---- Posiçăo de Legenda de Componentes ----
!NumCompo Label Rot Px Py
!     ---- Posiçăo de Legenda de Ligacoes ----
!Lado NumLig Label Px Py
